<?xml version="1.0" encoding="UTF-8"?>
<!-- Generated by org.testng.reporters.JUnitReportReporter -->
<testsuite hostname="DESKTOP-TOBJVKK" failures="0" tests="1" name="Request.orgJsonLab" time="2.390" errors="0" timestamp="7 May 2025 14:07:33 GMT">
  <testcase classname="Request.orgJsonLab" name="postRequestOrgJsonLab" time="2.390"/>
</testsuite> <!-- Request.orgJsonLab -->
