<?xml version="1.0" encoding="UTF-8"?>
<!-- Generated by org.testng.reporters.JUnitReportReporter -->
<testsuite hostname="DESKTOP-TOBJVKK" failures="0" tests="1" name="Request.HasMapData" time="2.595" errors="0" timestamp="7 May 2025 13:38:16 GMT">
  <testcase classname="Request.HasMapData" name="cretaRequest" time="2.595"/>
</testsuite> <!-- Request.HasMapData -->
