<?xml version="1.0" encoding="UTF-8"?>
<!-- Generated by org.testng.reporters.JUnitReportReporter -->
<testsuite hostname="DESKTOP-TOBJVKK" failures="0" tests="1" name="Day3.cookies" time="2.438" errors="0" timestamp="8 May 2025 07:31:09 GMT">
  <testcase classname="Day3.cookies" name="getCookies" time="2.438"/>
</testsuite> <!-- Day3.cookies -->
