<?xml version="1.0" encoding="UTF-8"?>
<!-- Generated by org.testng.reporters.JUnitReportReporter -->
<testsuite hostname="DESKTOP-TOBJVKK" failures="0" tests="2" name="Day3.headers" time="3.210" errors="0" timestamp="8 May 2025 08:07:24 GMT">
  <testcase classname="Day3.headers" name="testHader" time="2.595"/>
  <testcase classname="Day3.headers" name="testHaders" time="0.615"/>
</testsuite> <!-- Day3.headers -->
