<?xml version="1.0" encoding="UTF-8"?>
<!-- Generated by org.testng.reporters.JUnitReportReporter -->
<testsuite hostname="DESKTOP-TOBJVKK" failures="0" tests="1" name="Request.externalJsonData" time="2.402" errors="0" timestamp="8 May 2025 05:50:21 GMT">
  <testcase classname="Request.externalJsonData" name="postRequestOrgJsonLab" time="2.402"/>
</testsuite> <!-- Request.externalJsonData -->
