<?xml version="1.0" encoding="UTF-8"?>
<!-- Generated by org.testng.reporters.JUnitReportReporter -->
<testsuite hostname="DESKTOP-TOBJVKK" failures="0" tests="1" name="Day3.pathandQuery" time="1.291" errors="0" timestamp="8 May 2025 06:53:19 GMT">
  <testcase classname="Day3.pathandQuery" name="postRequestOrgJsonLab" time="1.291"/>
</testsuite> <!-- Day3.pathandQuery -->
