<?xml version="1.0" encoding="UTF-8"?>
<!-- Generated by org.testng.reporters.JUnitReportReporter -->
<testsuite hostname="DESKTOP-TOBJVKK" failures="0" tests="3" name="Request.HttpRequest" time="3.243" errors="0" timestamp="7 May 2025 11:34:06 GMT">
  <testcase classname="Request.HttpRequest" name="createUser" time="0.847"/>
  <testcase classname="Request.HttpRequest" name="updateUser" time="0.382"/>
  <testcase classname="Request.HttpRequest" name="getUser" time="2.014"/>
</testsuite> <!-- Request.HttpRequest -->
