<?xml version="1.0" encoding="UTF-8"?>
<!-- Generated by org.testng.reporters.JUnitReportReporter -->
<testsuite hostname="DESKTOP-TOBJVKK" failures="0" tests="1" name="Request.dataWithPojo" time="2.766" errors="0" timestamp="7 May 2025 14:22:29 GMT">
  <testcase classname="Request.dataWithPojo" name="postRequestWithPojo" time="2.766"/>
</testsuite> <!-- Request.dataWithPojo -->
